c:\users\luxan\documents\visual studio 2015\projects\billon\billon\debug\vc140.pdb
c:\users\luxan\documents\visual studio 2015\projects\billon\billon\debug\vc140.idb
c:\users\luxan\documents\visual studio 2015\projects\billon\billon\debug\file_reader.obj
c:\users\luxan\documents\visual studio 2015\projects\billon\billon\debug\main.obj
c:\users\luxan\documents\visual studio 2015\projects\billon\billon\debug\sentence.obj
c:\users\luxan\documents\visual studio 2015\projects\billon\billon\debug\comma.obj
c:\users\luxan\documents\visual studio 2015\projects\billon\billon\debug\extractor.obj
c:\users\luxan\documents\visual studio 2015\projects\billon\billon\debug\file_part.obj
c:\users\luxan\documents\visual studio 2015\projects\billon\billon\debug\splitter.obj
c:\users\luxan\documents\visual studio 2015\projects\billon\billon\debug\file_writer.obj
c:\users\luxan\documents\visual studio 2015\projects\billon\debug\billon.ilk
c:\users\luxan\documents\visual studio 2015\projects\billon\debug\billon.exe
c:\users\luxan\documents\visual studio 2015\projects\billon\debug\billon.pdb
c:\users\luxan\documents\visual studio 2015\projects\billon\billon\debug\main.obj.enc
c:\users\luxan\documents\visual studio 2015\projects\billon\billon\debug\sentence.obj.enc
c:\users\luxan\documents\visual studio 2015\projects\billon\billon\debug\billon.tlog\cl.command.1.tlog
c:\users\luxan\documents\visual studio 2015\projects\billon\billon\debug\billon.tlog\cl.read.1.tlog
c:\users\luxan\documents\visual studio 2015\projects\billon\billon\debug\billon.tlog\cl.write.1.tlog
c:\users\luxan\documents\visual studio 2015\projects\billon\billon\debug\billon.tlog\link.command.1.tlog
c:\users\luxan\documents\visual studio 2015\projects\billon\billon\debug\billon.tlog\link.read.1.tlog
c:\users\luxan\documents\visual studio 2015\projects\billon\billon\debug\billon.tlog\link.write.1.tlog
